<?xml version="1.0" encoding="UTF-8"?>
<testng-results ignored="0" total="1" passed="1" failed="0" skipped="0">
  <reporter-output>
  </reporter-output>
  <suite started-at="2023-05-27T17:05:44 IST" name="Default suite" finished-at="2023-05-27T17:05:57 IST" duration-ms="12495">
    <groups>
    </groups>
    <test started-at="2023-05-27T17:05:44 IST" name="Default test" finished-at="2023-05-27T17:05:57 IST" duration-ms="12495">
      <class name="ai.iamneo.assignmentone.Testing_Selenium_TestngOne.AppTest">
        <test-method is-config="true" signature="setUp()[pri:0, instance:ai.iamneo.assignmentone.Testing_Selenium_TestngOne.AppTest@6bd61f98]" started-at="2023-05-27T17:05:44 IST" name="setUp" finished-at="2023-05-27T17:05:54 IST" duration-ms="10093" status="PASS">
          <reporter-output>
          </reporter-output>
        </test-method> <!-- setUp -->
        <test-method signature="titlematch()[pri:0, instance:ai.iamneo.assignmentone.Testing_Selenium_TestngOne.AppTest@6bd61f98]" started-at="2023-05-27T17:05:54 IST" name="titlematch" finished-at="2023-05-27T17:05:54 IST" duration-ms="17" status="PASS">
          <reporter-output>
          </reporter-output>
        </test-method> <!-- titlematch -->
        <test-method is-config="true" signature="facebookTest()[pri:0, instance:ai.iamneo.assignmentone.Testing_Selenium_TestngOne.AppTest@6bd61f98]" started-at="2023-05-27T17:05:54 IST" name="facebookTest" finished-at="2023-05-27T17:05:57 IST" duration-ms="2341" status="PASS">
          <reporter-output>
          </reporter-output>
        </test-method> <!-- facebookTest -->
      </class> <!-- ai.iamneo.assignmentone.Testing_Selenium_TestngOne.AppTest -->
    </test> <!-- Default test -->
  </suite> <!-- Default suite -->
</testng-results>
